<?xml version="1.0" encoding="UTF-8"?>
<testsuite name="DefinitionTest" tests="6" skipped="0" failures="0" errors="0" timestamp="2016-04-29T23:49:03" hostname="Snargle.local" time="0.009">
  <properties/>
  <testcase name="getId_getDefinitionId_int" classname="DefinitionTest" time="0.001"/>
  <testcase name="clear_actuallyClears" classname="DefinitionTest" time="0.001"/>
  <testcase name="find_returnsDefinitionwithId" classname="DefinitionTest" time="0.001"/>
  <testcase name="getDefinition_printsDefinition_string" classname="DefinitionTest" time="0.0"/>
  <testcase name="getDefinition_instantiatesDefinition_true" classname="DefinitionTest" time="0.001"/>
  <testcase name="allDefinitions_getsDefinitionFromArray_string" classname="DefinitionTest" time="0.0"/>
  <system-out><![CDATA[]]></system-out>
  <system-err><![CDATA[]]></system-err>
</testsuite>
